# Logfile created on 2023-12-15 22:20:13 +0200 by logger.rb/v1.4.3
I, [2023-12-15T22:20:13.041741 #87751]  INFO -- : Net::HTTP::Get: /ua/knigi/hudozhestvennaja-literatura.html
I, [2023-12-15T22:20:13.171358 #87751]  INFO -- : status: Net::HTTPOK 1.1 200 OK
I, [2023-12-15T22:20:13.290828 #87751]  INFO -- : form encoding: utf-8
I, [2023-12-15T22:20:13.291117 #87751]  INFO -- : Net::HTTP::Get: /ua/knigi/hudozhestvennaja-literatura.html?email=&login=best+subjet+ever&password=jombo
I, [2023-12-15T22:20:13.333966 #87751]  INFO -- : status: Net::HTTPOK 1.1 200 OK
I, [2023-12-15T22:40:05.711588 #91700]  INFO -- : Net::HTTP::Get: /ua/knigi/hudozhestvennaja-literatura.html
I, [2023-12-15T22:40:05.711755 #91700]  INFO -- : Net::HTTP::Get: /ua/knigi/hudozhestvennaja-literatura.html
I, [2023-12-15T22:40:05.713117 #91700]  INFO -- : Net::HTTP::Get: /ua/knigi/hudozhestvennaja-literatura.html
I, [2023-12-15T22:40:05.871454 #91700]  INFO -- : status: Net::HTTPOK 1.1 200 OK
I, [2023-12-15T22:40:05.873396 #91700]  INFO -- : status: Net::HTTPOK 1.1 200 OK
I, [2023-12-15T22:40:05.875542 #91700]  INFO -- : status: Net::HTTPOK 1.1 200 OK
I, [2023-12-15T22:40:06.016135 #91700]  INFO -- : form encoding: utf-8
I, [2023-12-15T22:40:06.016496 #91700]  INFO -- : Net::HTTP::Get: /ua/knigi/hudozhestvennaja-literatura.html?email=&login=&password=
I, [2023-12-15T22:40:06.074298 #91700]  INFO -- : form encoding: utf-8
I, [2023-12-15T22:40:06.107287 #91700]  INFO -- : Net::HTTP::Get: /ua/knigi/hudozhestvennaja-literatura.html?email=&login=&password=
I, [2023-12-15T22:40:06.126847 #91700]  INFO -- : form encoding: utf-8
I, [2023-12-15T22:40:06.127255 #91700]  INFO -- : Net::HTTP::Get: /ua/knigi/hudozhestvennaja-literatura.html?email=&login=&password=
I, [2023-12-15T22:40:06.924920 #91700]  INFO -- : status: Net::HTTPOK 1.1 200 OK
I, [2023-12-15T22:40:07.223489 #91700]  INFO -- : status: Net::HTTPOK 1.1 200 OK
I, [2023-12-15T22:40:07.238940 #91700]  INFO -- : status: Net::HTTPOK 1.1 200 OK
I, [2023-12-15T22:40:20.912378 #91805]  INFO -- : Net::HTTP::Get: /ua/knigi/hudozhestvennaja-literatura.html
I, [2023-12-15T22:40:20.913656 #91805]  INFO -- : Net::HTTP::Get: /ua/knigi/hudozhestvennaja-literatura.html
I, [2023-12-15T22:40:20.913845 #91805]  INFO -- : Net::HTTP::Get: /ua/knigi/hudozhestvennaja-literatura.html
I, [2023-12-15T22:40:21.025808 #91805]  INFO -- : status: Net::HTTPOK 1.1 200 OK
I, [2023-12-15T22:40:21.027356 #91805]  INFO -- : status: Net::HTTPOK 1.1 200 OK
I, [2023-12-15T22:40:21.042271 #91805]  INFO -- : status: Net::HTTPOK 1.1 200 OK
I, [2023-12-15T22:40:21.163157 #91805]  INFO -- : form encoding: utf-8
I, [2023-12-15T22:40:21.163752 #91805]  INFO -- : Net::HTTP::Get: /ua/knigi/hudozhestvennaja-literatura.html?email=&login=&password=
I, [2023-12-15T22:40:21.218433 #91805]  INFO -- : form encoding: utf-8
I, [2023-12-15T22:40:21.218766 #91805]  INFO -- : status: Net::HTTPOK 1.1 200 OK
I, [2023-12-15T22:40:21.219066 #91805]  INFO -- : Net::HTTP::Get: /ua/knigi/hudozhestvennaja-literatura.html?email=&login=&password=
I, [2023-12-15T22:40:21.276659 #91805]  INFO -- : form encoding: utf-8
I, [2023-12-15T22:40:21.277102 #91805]  INFO -- : status: Net::HTTPOK 1.1 200 OK
I, [2023-12-15T22:40:21.277357 #91805]  INFO -- : Net::HTTP::Get: /ua/knigi/hudozhestvennaja-literatura.html?email=&login=&password=
I, [2023-12-15T22:40:21.320639 #91805]  INFO -- : status: Net::HTTPOK 1.1 200 OK
I, [2023-12-15T22:42:11.911586 #92242]  INFO -- : Net::HTTP::Get: /ua/knigi/hudozhestvennaja-literatura.html
I, [2023-12-15T22:42:11.912340 #92242]  INFO -- : Net::HTTP::Get: /ua/knigi/hudozhestvennaja-literatura.html
I, [2023-12-15T22:42:11.912558 #92242]  INFO -- : Net::HTTP::Get: /ua/knigi/hudozhestvennaja-literatura.html
I, [2023-12-15T22:42:12.024536 #92242]  INFO -- : status: Net::HTTPOK 1.1 200 OK
I, [2023-12-15T22:42:12.024858 #92242]  INFO -- : status: Net::HTTPOK 1.1 200 OK
I, [2023-12-15T22:42:12.028325 #92242]  INFO -- : status: Net::HTTPOK 1.1 200 OK
I, [2023-12-15T22:42:12.167905 #92242]  INFO -- : form encoding: utf-8
I, [2023-12-15T22:42:12.168434 #92242]  INFO -- : Net::HTTP::Get: /ua/knigi/hudozhestvennaja-literatura.html?email=&login=&password=
I, [2023-12-15T22:42:12.223357 #92242]  INFO -- : form encoding: utf-8
I, [2023-12-15T22:42:12.223781 #92242]  INFO -- : status: Net::HTTPOK 1.1 200 OK
I, [2023-12-15T22:42:12.224091 #92242]  INFO -- : Net::HTTP::Get: /ua/knigi/hudozhestvennaja-literatura.html?email=&login=&password=
I, [2023-12-15T22:42:12.279206 #92242]  INFO -- : form encoding: utf-8
I, [2023-12-15T22:42:12.279795 #92242]  INFO -- : status: Net::HTTPOK 1.1 200 OK
I, [2023-12-15T22:42:12.280328 #92242]  INFO -- : Net::HTTP::Get: /ua/knigi/hudozhestvennaja-literatura.html?email=&login=&password=
I, [2023-12-15T22:42:12.326257 #92242]  INFO -- : status: Net::HTTPOK 1.1 200 OK
I, [2023-12-15T22:42:26.255921 #92350]  INFO -- : Net::HTTP::Get: /ua/knigi/hudozhestvennaja-literatura.html
I, [2023-12-15T22:42:26.256425 #92350]  INFO -- : Net::HTTP::Get: /ua/knigi/hudozhestvennaja-literatura.html
I, [2023-12-15T22:42:26.256650 #92350]  INFO -- : Net::HTTP::Get: /ua/knigi/hudozhestvennaja-literatura.html
I, [2023-12-15T22:42:26.371344 #92350]  INFO -- : status: Net::HTTPOK 1.1 200 OK
I, [2023-12-15T22:42:26.375575 #92350]  INFO -- : status: Net::HTTPOK 1.1 200 OK
I, [2023-12-15T22:42:26.383134 #92350]  INFO -- : status: Net::HTTPOK 1.1 200 OK
I, [2023-12-15T22:42:26.510556 #92350]  INFO -- : form encoding: utf-8
I, [2023-12-15T22:42:26.511141 #92350]  INFO -- : Net::HTTP::Get: /ua/knigi/hudozhestvennaja-literatura.html?email=&login=&password=
I, [2023-12-15T22:42:26.576152 #92350]  INFO -- : form encoding: utf-8
I, [2023-12-15T22:42:26.576538 #92350]  INFO -- : status: Net::HTTPOK 1.1 200 OK
I, [2023-12-15T22:42:26.626953 #92350]  INFO -- : Net::HTTP::Get: /ua/knigi/hudozhestvennaja-literatura.html?email=&login=&password=
I, [2023-12-15T22:42:26.628589 #92350]  INFO -- : form encoding: utf-8
I, [2023-12-15T22:42:26.628796 #92350]  INFO -- : Net::HTTP::Get: /ua/knigi/hudozhestvennaja-literatura.html?email=&login=&password=
I, [2023-12-15T22:42:26.669993 #92350]  INFO -- : status: Net::HTTPOK 1.1 200 OK
I, [2023-12-15T22:42:26.670559 #92350]  INFO -- : status: Net::HTTPOK 1.1 200 OK
I, [2023-12-15T22:42:40.908551 #92443]  INFO -- : Net::HTTP::Get: /ua/knigi/hudozhestvennaja-literatura.html
I, [2023-12-15T22:42:40.912413 #92443]  INFO -- : Net::HTTP::Get: /ua/knigi/hudozhestvennaja-literatura.html
I, [2023-12-15T22:42:40.914798 #92443]  INFO -- : Net::HTTP::Get: /ua/knigi/hudozhestvennaja-literatura.html
I, [2023-12-15T22:42:41.022627 #92443]  INFO -- : status: Net::HTTPOK 1.1 200 OK
I, [2023-12-15T22:42:41.028161 #92443]  INFO -- : status: Net::HTTPOK 1.1 200 OK
I, [2023-12-15T22:42:41.037309 #92443]  INFO -- : status: Net::HTTPOK 1.1 200 OK
I, [2023-12-15T22:42:41.150133 #92443]  INFO -- : form encoding: utf-8
I, [2023-12-15T22:42:41.153737 #92443]  INFO -- : Net::HTTP::Get: /ua/knigi/hudozhestvennaja-literatura.html?email=&login=&password=
I, [2023-12-15T22:42:41.219048 #92443]  INFO -- : form encoding: utf-8
I, [2023-12-15T22:42:41.219323 #92443]  INFO -- : status: Net::HTTPOK 1.1 200 OK
I, [2023-12-15T22:42:41.219820 #92443]  INFO -- : Net::HTTP::Get: /ua/knigi/hudozhestvennaja-literatura.html?email=&login=&password=
I, [2023-12-15T22:42:41.275978 #92443]  INFO -- : form encoding: utf-8
I, [2023-12-15T22:42:41.276316 #92443]  INFO -- : Net::HTTP::Get: /ua/knigi/hudozhestvennaja-literatura.html?email=&login=&password=
I, [2023-12-15T22:42:41.318006 #92443]  INFO -- : status: Net::HTTPOK 1.1 200 OK
I, [2023-12-15T22:42:41.318406 #92443]  INFO -- : status: Net::HTTPOK 1.1 200 OK
I, [2023-12-15T22:43:13.941862 #92605]  INFO -- : Net::HTTP::Get: /ua/knigi/hudozhestvennaja-literatura.html
I, [2023-12-15T22:43:13.942774 #92605]  INFO -- : Net::HTTP::Get: /ua/knigi/hudozhestvennaja-literatura.html
I, [2023-12-15T22:43:13.943026 #92605]  INFO -- : Net::HTTP::Get: /ua/knigi/hudozhestvennaja-literatura.html
I, [2023-12-15T22:43:14.051260 #92605]  INFO -- : status: Net::HTTPOK 1.1 200 OK
I, [2023-12-15T22:43:14.051673 #92605]  INFO -- : status: Net::HTTPOK 1.1 200 OK
I, [2023-12-15T22:43:14.053651 #92605]  INFO -- : status: Net::HTTPOK 1.1 200 OK
I, [2023-12-15T22:43:14.195781 #92605]  INFO -- : form encoding: utf-8
I, [2023-12-15T22:43:14.196276 #92605]  INFO -- : Net::HTTP::Get: /ua/knigi/hudozhestvennaja-literatura.html?email=&login=&password=
I, [2023-12-15T22:43:14.253130 #92605]  INFO -- : form encoding: utf-8
I, [2023-12-15T22:43:14.253463 #92605]  INFO -- : status: Net::HTTPOK 1.1 200 OK
I, [2023-12-15T22:43:14.253788 #92605]  INFO -- : Net::HTTP::Get: /ua/knigi/hudozhestvennaja-literatura.html?email=&login=&password=
I, [2023-12-15T22:43:14.314320 #92605]  INFO -- : form encoding: utf-8
I, [2023-12-15T22:43:14.314875 #92605]  INFO -- : status: Net::HTTPOK 1.1 200 OK
I, [2023-12-15T22:43:14.315208 #92605]  INFO -- : Net::HTTP::Get: /ua/knigi/hudozhestvennaja-literatura.html?email=&login=&password=
I, [2023-12-15T22:43:14.358482 #92605]  INFO -- : status: Net::HTTPOK 1.1 200 OK
I, [2023-12-15T22:43:33.669163 #92726]  INFO -- : Net::HTTP::Get: /ua/knigi/hudozhestvennaja-literatura.html
I, [2023-12-15T22:43:33.670423 #92726]  INFO -- : Net::HTTP::Get: /ua/knigi/hudozhestvennaja-literatura.html
I, [2023-12-15T22:43:33.670659 #92726]  INFO -- : Net::HTTP::Get: /ua/knigi/hudozhestvennaja-literatura.html
I, [2023-12-15T22:43:33.774807 #92726]  INFO -- : status: Net::HTTPOK 1.1 200 OK
I, [2023-12-15T22:43:33.781132 #92726]  INFO -- : status: Net::HTTPOK 1.1 200 OK
I, [2023-12-15T22:43:33.781479 #92726]  INFO -- : status: Net::HTTPOK 1.1 200 OK
I, [2023-12-15T22:43:33.903029 #92726]  INFO -- : form encoding: utf-8
I, [2023-12-15T22:43:33.906971 #92726]  INFO -- : Net::HTTP::Get: /ua/knigi/hudozhestvennaja-literatura.html?email=&login=&password=
I, [2023-12-15T22:43:33.971477 #92726]  INFO -- : form encoding: utf-8
I, [2023-12-15T22:43:33.971810 #92726]  INFO -- : status: Net::HTTPOK 1.1 200 OK
I, [2023-12-15T22:43:33.972264 #92726]  INFO -- : Net::HTTP::Get: /ua/knigi/hudozhestvennaja-literatura.html?email=&login=&password=
I, [2023-12-15T22:43:34.029121 #92726]  INFO -- : form encoding: utf-8
I, [2023-12-15T22:43:34.029551 #92726]  INFO -- : status: Net::HTTPOK 1.1 200 OK
I, [2023-12-15T22:43:34.029849 #92726]  INFO -- : Net::HTTP::Get: /ua/knigi/hudozhestvennaja-literatura.html?email=&login=&password=
I, [2023-12-15T22:43:34.072135 #92726]  INFO -- : status: Net::HTTPOK 1.1 200 OK
I, [2023-12-15T22:44:15.676588 #92895]  INFO -- : Net::HTTP::Get: /ua/knigi/hudozhestvennaja-literatura.html
I, [2023-12-15T22:44:15.678080 #92895]  INFO -- : Net::HTTP::Get: /ua/knigi/hudozhestvennaja-literatura.html
I, [2023-12-15T22:44:15.678605 #92895]  INFO -- : Net::HTTP::Get: /ua/knigi/hudozhestvennaja-literatura.html
I, [2023-12-15T22:44:15.790466 #92895]  INFO -- : status: Net::HTTPOK 1.1 200 OK
I, [2023-12-15T22:44:15.792490 #92895]  INFO -- : status: Net::HTTPOK 1.1 200 OK
I, [2023-12-15T22:44:15.795596 #92895]  INFO -- : status: Net::HTTPOK 1.1 200 OK
I, [2023-12-15T22:44:15.937450 #92895]  INFO -- : form encoding: utf-8
I, [2023-12-15T22:44:15.938111 #92895]  INFO -- : Net::HTTP::Get: /ua/knigi/hudozhestvennaja-literatura.html?email=&login=&password=
I, [2023-12-15T22:44:16.000048 #92895]  INFO -- : form encoding: utf-8
I, [2023-12-15T22:44:16.000546 #92895]  INFO -- : status: Net::HTTPOK 1.1 200 OK
I, [2023-12-15T22:44:16.000978 #92895]  INFO -- : Net::HTTP::Get: /ua/knigi/hudozhestvennaja-literatura.html?email=&login=&password=
I, [2023-12-15T22:44:16.058031 #92895]  INFO -- : form encoding: utf-8
I, [2023-12-15T22:44:16.058556 #92895]  INFO -- : status: Net::HTTPOK 1.1 200 OK
I, [2023-12-15T22:44:16.059003 #92895]  INFO -- : Net::HTTP::Get: /ua/knigi/hudozhestvennaja-literatura.html?email=&login=&password=
I, [2023-12-15T22:44:16.100552 #92895]  INFO -- : status: Net::HTTPOK 1.1 200 OK
I, [2023-12-15T22:45:38.510638 #93291]  INFO -- : Net::HTTP::Get: /ua/knigi/hudozhestvennaja-literatura.html
I, [2023-12-15T22:45:38.512096 #93291]  INFO -- : Net::HTTP::Get: /ua/knigi/hudozhestvennaja-literatura.html
I, [2023-12-15T22:45:38.512261 #93291]  INFO -- : Net::HTTP::Get: /ua/knigi/hudozhestvennaja-literatura.html
I, [2023-12-15T22:45:38.671623 #93291]  INFO -- : status: Net::HTTPOK 1.1 200 OK
I, [2023-12-15T22:45:38.673654 #93291]  INFO -- : status: Net::HTTPOK 1.1 200 OK
I, [2023-12-15T22:45:38.677981 #93291]  INFO -- : status: Net::HTTPOK 1.1 200 OK
I, [2023-12-15T22:45:38.808247 #93291]  INFO -- : form encoding: utf-8
I, [2023-12-15T22:45:38.808875 #93291]  INFO -- : Net::HTTP::Get: /ua/knigi/hudozhestvennaja-literatura.html?email=&login=&password=
I, [2023-12-15T22:45:38.868185 #93291]  INFO -- : form encoding: utf-8
I, [2023-12-15T22:45:38.868589 #93291]  INFO -- : status: Net::HTTPOK 1.1 200 OK
I, [2023-12-15T22:45:38.869390 #93291]  INFO -- : Net::HTTP::Get: /ua/knigi/hudozhestvennaja-literatura.html?email=&login=&password=
I, [2023-12-15T22:45:38.925748 #93291]  INFO -- : form encoding: utf-8
I, [2023-12-15T22:45:38.926316 #93291]  INFO -- : status: Net::HTTPOK 1.1 200 OK
I, [2023-12-15T22:45:38.926807 #93291]  INFO -- : Net::HTTP::Get: /ua/knigi/hudozhestvennaja-literatura.html?email=&login=&password=
I, [2023-12-15T22:45:38.967824 #93291]  INFO -- : status: Net::HTTPOK 1.1 200 OK
I, [2023-12-15T22:46:08.160994 #93433]  INFO -- : Net::HTTP::Get: /ua/knigi/hudozhestvennaja-literatura.html
I, [2023-12-15T22:46:08.161353 #93433]  INFO -- : Net::HTTP::Get: /ua/knigi/hudozhestvennaja-literatura.html
I, [2023-12-15T22:46:08.161615 #93433]  INFO -- : Net::HTTP::Get: /ua/knigi/hudozhestvennaja-literatura.html
I, [2023-12-15T22:46:08.275581 #93433]  INFO -- : status: Net::HTTPOK 1.1 200 OK
I, [2023-12-15T22:46:08.275961 #93433]  INFO -- : status: Net::HTTPOK 1.1 200 OK
I, [2023-12-15T22:46:08.280834 #93433]  INFO -- : status: Net::HTTPOK 1.1 200 OK
I, [2023-12-15T22:46:08.415119 #93433]  INFO -- : form encoding: utf-8
I, [2023-12-15T22:46:08.415722 #93433]  INFO -- : Net::HTTP::Get: /ua/knigi/hudozhestvennaja-literatura.html?email=&login=&password=
I, [2023-12-15T22:46:08.469699 #93433]  INFO -- : form encoding: utf-8
I, [2023-12-15T22:46:08.470232 #93433]  INFO -- : status: Net::HTTPOK 1.1 200 OK
I, [2023-12-15T22:46:08.470739 #93433]  INFO -- : Net::HTTP::Get: /ua/knigi/hudozhestvennaja-literatura.html?email=&login=&password=
I, [2023-12-15T22:46:08.526471 #93433]  INFO -- : form encoding: utf-8
I, [2023-12-15T22:46:08.527048 #93433]  INFO -- : status: Net::HTTPOK 1.1 200 OK
I, [2023-12-15T22:46:08.527500 #93433]  INFO -- : Net::HTTP::Get: /ua/knigi/hudozhestvennaja-literatura.html?email=&login=&password=
I, [2023-12-15T22:46:08.571269 #93433]  INFO -- : status: Net::HTTPOK 1.1 200 OK
I, [2023-12-15T22:46:20.692222 #93523]  INFO -- : Net::HTTP::Get: /ua/knigi/hudozhestvennaja-literatura.html
I, [2023-12-15T22:46:20.693320 #93523]  INFO -- : Net::HTTP::Get: /ua/knigi/hudozhestvennaja-literatura.html
I, [2023-12-15T22:46:20.694246 #93523]  INFO -- : Net::HTTP::Get: /ua/knigi/hudozhestvennaja-literatura.html
I, [2023-12-15T22:46:20.804278 #93523]  INFO -- : status: Net::HTTPOK 1.1 200 OK
I, [2023-12-15T22:46:20.807465 #93523]  INFO -- : status: Net::HTTPOK 1.1 200 OK
I, [2023-12-15T22:46:20.811475 #93523]  INFO -- : status: Net::HTTPOK 1.1 200 OK
I, [2023-12-15T22:46:20.930520 #93523]  INFO -- : form encoding: utf-8
I, [2023-12-15T22:46:20.935035 #93523]  INFO -- : Net::HTTP::Get: /ua/knigi/hudozhestvennaja-literatura.html?email=&login=&password=
I, [2023-12-15T22:46:21.000956 #93523]  INFO -- : form encoding: utf-8
I, [2023-12-15T22:46:21.053706 #93523]  INFO -- : form encoding: utf-8
I, [2023-12-15T22:46:21.054054 #93523]  INFO -- : status: Net::HTTPOK 1.1 200 OK
I, [2023-12-15T22:46:21.054360 #93523]  INFO -- : Net::HTTP::Get: /ua/knigi/hudozhestvennaja-literatura.html?email=&login=&password=
I, [2023-12-15T22:46:21.054717 #93523]  INFO -- : Net::HTTP::Get: /ua/knigi/hudozhestvennaja-literatura.html?email=&login=&password=
I, [2023-12-15T22:46:21.098708 #93523]  INFO -- : status: Net::HTTPOK 1.1 200 OK
I, [2023-12-15T22:46:21.101364 #93523]  INFO -- : status: Net::HTTPOK 1.1 200 OK
I, [2023-12-15T22:47:06.303082 #93719]  INFO -- : Net::HTTP::Get: /ua/knigi/hudozhestvennaja-literatura.html
I, [2023-12-15T22:47:06.303434 #93719]  INFO -- : Net::HTTP::Get: /ua/knigi/hudozhestvennaja-literatura.html
I, [2023-12-15T22:47:06.303723 #93719]  INFO -- : Net::HTTP::Get: /ua/knigi/hudozhestvennaja-literatura.html
I, [2023-12-15T22:47:06.412163 #93719]  INFO -- : status: Net::HTTPOK 1.1 200 OK
I, [2023-12-15T22:47:06.418997 #93719]  INFO -- : status: Net::HTTPOK 1.1 200 OK
I, [2023-12-15T22:47:06.433095 #93719]  INFO -- : status: Net::HTTPOK 1.1 200 OK
I, [2023-12-15T22:47:06.542310 #93719]  INFO -- : form encoding: utf-8
I, [2023-12-15T22:47:06.546402 #93719]  INFO -- : Net::HTTP::Get: /ua/knigi/hudozhestvennaja-literatura.html?email=&login=&password=
I, [2023-12-15T22:47:06.611627 #93719]  INFO -- : form encoding: utf-8
I, [2023-12-15T22:47:06.611982 #93719]  INFO -- : status: Net::HTTPOK 1.1 200 OK
I, [2023-12-15T22:47:06.612401 #93719]  INFO -- : Net::HTTP::Get: /ua/knigi/hudozhestvennaja-literatura.html?email=&login=&password=
I, [2023-12-15T22:47:06.664729 #93719]  INFO -- : status: Net::HTTPOK 1.1 200 OK
I, [2023-12-15T22:47:06.666332 #93719]  INFO -- : form encoding: utf-8
I, [2023-12-15T22:47:06.666883 #93719]  INFO -- : Net::HTTP::Get: /ua/knigi/hudozhestvennaja-literatura.html?email=&login=&password=
I, [2023-12-15T22:47:06.708777 #93719]  INFO -- : status: Net::HTTPOK 1.1 200 OK
I, [2023-12-15T23:01:21.944862 #96386]  INFO -- : Net::HTTP::Get: /ua/knigi/hudozhestvennaja-literatura.html
I, [2023-12-15T23:01:21.945640 #96386]  INFO -- : Net::HTTP::Get: /ua/knigi/hudozhestvennaja-literatura.html
I, [2023-12-15T23:01:21.946812 #96386]  INFO -- : Net::HTTP::Get: /ua/knigi/hudozhestvennaja-literatura.html
I, [2023-12-15T23:01:22.081442 #96386]  INFO -- : status: Net::HTTPOK 1.1 200 OK
I, [2023-12-15T23:01:22.087257 #96386]  INFO -- : status: Net::HTTPOK 1.1 200 OK
I, [2023-12-15T23:01:22.089119 #96386]  INFO -- : status: Net::HTTPOK 1.1 200 OK
I, [2023-12-15T23:01:22.214115 #96386]  INFO -- : form encoding: utf-8
I, [2023-12-15T23:01:22.214683 #96386]  INFO -- : Net::HTTP::Get: /ua/knigi/hudozhestvennaja-literatura.html?email=&login=&password=
I, [2023-12-15T23:01:22.276688 #96386]  INFO -- : form encoding: utf-8
I, [2023-12-15T23:01:22.277057 #96386]  INFO -- : status: Net::HTTPOK 1.1 200 OK
I, [2023-12-15T23:01:22.277371 #96386]  INFO -- : Net::HTTP::Get: /ua/knigi/hudozhestvennaja-literatura.html?email=&login=&password=
I, [2023-12-15T23:01:22.332556 #96386]  INFO -- : form encoding: utf-8
I, [2023-12-15T23:01:22.333349 #96386]  INFO -- : status: Net::HTTPOK 1.1 200 OK
I, [2023-12-15T23:01:22.333691 #96386]  INFO -- : Net::HTTP::Get: /ua/knigi/hudozhestvennaja-literatura.html?email=&login=&password=
I, [2023-12-15T23:01:22.416452 #96386]  INFO -- : status: Net::HTTPOK 1.1 200 OK
I, [2023-12-15T23:04:12.969876 #97010]  INFO -- : Net::HTTP::Get: /ua/knigi/hudozhestvennaja-literatura.html
I, [2023-12-15T23:04:12.971190 #97010]  INFO -- : Net::HTTP::Get: /ua/knigi/hudozhestvennaja-literatura.html
I, [2023-12-15T23:04:12.971793 #97010]  INFO -- : Net::HTTP::Get: /ua/knigi/hudozhestvennaja-literatura.html
I, [2023-12-15T23:04:13.083017 #97010]  INFO -- : status: Net::HTTPOK 1.1 200 OK
I, [2023-12-15T23:04:13.089335 #97010]  INFO -- : status: Net::HTTPOK 1.1 200 OK
I, [2023-12-15T23:04:13.095192 #97010]  INFO -- : status: Net::HTTPOK 1.1 200 OK
I, [2023-12-15T23:04:13.211531 #97010]  INFO -- : form encoding: utf-8
I, [2023-12-15T23:04:13.214883 #97010]  INFO -- : Net::HTTP::Get: /ua/knigi/hudozhestvennaja-literatura.html?email=&login=&password=
I, [2023-12-15T23:04:13.278192 #97010]  INFO -- : form encoding: utf-8
I, [2023-12-15T23:04:13.278791 #97010]  INFO -- : status: Net::HTTPOK 1.1 200 OK
I, [2023-12-15T23:04:13.279113 #97010]  INFO -- : Net::HTTP::Get: /ua/knigi/hudozhestvennaja-literatura.html?email=&login=&password=
I, [2023-12-15T23:04:13.331739 #97010]  INFO -- : status: Net::HTTPOK 1.1 200 OK
I, [2023-12-15T23:04:13.332793 #97010]  INFO -- : form encoding: utf-8
I, [2023-12-15T23:04:13.333424 #97010]  INFO -- : Net::HTTP::Get: /ua/knigi/hudozhestvennaja-literatura.html?email=&login=&password=
I, [2023-12-15T23:04:13.415020 #97010]  INFO -- : status: Net::HTTPOK 1.1 200 OK
I, [2023-12-15T23:06:10.378996 #97472]  INFO -- : Net::HTTP::Get: /ua/knigi/hudozhestvennaja-literatura.html
I, [2023-12-15T23:06:10.379223 #97472]  INFO -- : Net::HTTP::Get: /ua/knigi/hudozhestvennaja-literatura.html
I, [2023-12-15T23:06:10.379424 #97472]  INFO -- : Net::HTTP::Get: /ua/knigi/hudozhestvennaja-literatura.html
I, [2023-12-15T23:06:10.490161 #97472]  INFO -- : status: Net::HTTPOK 1.1 200 OK
I, [2023-12-15T23:06:10.490567 #97472]  INFO -- : status: Net::HTTPOK 1.1 200 OK
I, [2023-12-15T23:06:10.515046 #97472]  INFO -- : status: Net::HTTPOK 1.1 200 OK
I, [2023-12-15T23:06:10.626864 #97472]  INFO -- : form encoding: utf-8
I, [2023-12-15T23:06:10.627591 #97472]  INFO -- : Net::HTTP::Get: /ua/knigi/hudozhestvennaja-literatura.html?email=&login=&password=
I, [2023-12-15T23:06:10.683486 #97472]  INFO -- : form encoding: utf-8
I, [2023-12-15T23:06:10.683994 #97472]  INFO -- : status: Net::HTTPOK 1.1 200 OK
I, [2023-12-15T23:06:10.684515 #97472]  INFO -- : Net::HTTP::Get: /ua/knigi/hudozhestvennaja-literatura.html?email=&login=&password=
I, [2023-12-15T23:06:10.742874 #97472]  INFO -- : form encoding: utf-8
I, [2023-12-15T23:06:10.743663 #97472]  INFO -- : status: Net::HTTPOK 1.1 200 OK
I, [2023-12-15T23:06:10.743961 #97472]  INFO -- : Net::HTTP::Get: /ua/knigi/hudozhestvennaja-literatura.html?email=&login=&password=
I, [2023-12-15T23:06:10.785120 #97472]  INFO -- : status: Net::HTTPOK 1.1 200 OK
I, [2023-12-15T23:08:09.432606 #97964]  INFO -- : Net::HTTP::Get: /ua/knigi/hudozhestvennaja-literatura.html
I, [2023-12-15T23:08:09.432777 #97964]  INFO -- : Net::HTTP::Get: /ua/knigi/hudozhestvennaja-literatura.html
I, [2023-12-15T23:08:09.432944 #97964]  INFO -- : Net::HTTP::Get: /ua/knigi/hudozhestvennaja-literatura.html
I, [2023-12-15T23:08:09.576404 #97964]  INFO -- : status: Net::HTTPOK 1.1 200 OK
I, [2023-12-15T23:08:09.579740 #97964]  INFO -- : status: Net::HTTPOK 1.1 200 OK
I, [2023-12-15T23:08:09.596053 #97964]  INFO -- : status: Net::HTTPOK 1.1 200 OK
I, [2023-12-15T23:08:09.714972 #97964]  INFO -- : form encoding: utf-8
I, [2023-12-15T23:08:09.715541 #97964]  INFO -- : Net::HTTP::Get: /ua/knigi/hudozhestvennaja-literatura.html?email=&login=&password=
I, [2023-12-15T23:08:09.774927 #97964]  INFO -- : form encoding: utf-8
I, [2023-12-15T23:08:09.775426 #97964]  INFO -- : status: Net::HTTPOK 1.1 200 OK
I, [2023-12-15T23:08:09.775747 #97964]  INFO -- : Net::HTTP::Get: /ua/knigi/hudozhestvennaja-literatura.html?email=&login=&password=
I, [2023-12-15T23:08:09.831713 #97964]  INFO -- : form encoding: utf-8
I, [2023-12-15T23:08:09.832419 #97964]  INFO -- : status: Net::HTTPOK 1.1 200 OK
I, [2023-12-15T23:08:09.832634 #97964]  INFO -- : Net::HTTP::Get: /ua/knigi/hudozhestvennaja-literatura.html?email=&login=&password=
I, [2023-12-15T23:08:09.873433 #97964]  INFO -- : status: Net::HTTPOK 1.1 200 OK
I, [2023-12-15T23:10:43.317709 #98625]  INFO -- : Net::HTTP::Get: /ua/knigi/hudozhestvennaja-literatura.html
I, [2023-12-15T23:10:43.317978 #98625]  INFO -- : Net::HTTP::Get: /ua/knigi/hudozhestvennaja-literatura.html
I, [2023-12-15T23:10:43.318231 #98625]  INFO -- : Net::HTTP::Get: /ua/knigi/hudozhestvennaja-literatura.html
I, [2023-12-15T23:10:43.428159 #98625]  INFO -- : status: Net::HTTPOK 1.1 200 OK
I, [2023-12-15T23:10:43.433083 #98625]  INFO -- : status: Net::HTTPOK 1.1 200 OK
I, [2023-12-15T23:10:43.435490 #98625]  INFO -- : status: Net::HTTPOK 1.1 200 OK
I, [2023-12-15T23:10:43.567696 #98625]  INFO -- : form encoding: utf-8
I, [2023-12-15T23:10:43.568378 #98625]  INFO -- : Net::HTTP::Get: /ua/knigi/hudozhestvennaja-literatura.html?email=&login=&password=
I, [2023-12-15T23:10:43.630959 #98625]  INFO -- : form encoding: utf-8
I, [2023-12-15T23:10:43.682736 #98625]  INFO -- : status: Net::HTTPOK 1.1 200 OK
I, [2023-12-15T23:10:43.683099 #98625]  INFO -- : Net::HTTP::Get: /ua/knigi/hudozhestvennaja-literatura.html?email=&login=&password=
I, [2023-12-15T23:10:43.684412 #98625]  INFO -- : form encoding: utf-8
I, [2023-12-15T23:10:43.685390 #98625]  INFO -- : Net::HTTP::Get: /ua/knigi/hudozhestvennaja-literatura.html?email=&login=&password=
I, [2023-12-15T23:10:43.728942 #98625]  INFO -- : status: Net::HTTPOK 1.1 200 OK
I, [2023-12-15T23:10:43.733331 #98625]  INFO -- : status: Net::HTTPOK 1.1 200 OK
I, [2023-12-15T23:11:37.364147 #98859]  INFO -- : Net::HTTP::Get: /ua/knigi/hudozhestvennaja-literatura.html
I, [2023-12-15T23:11:37.365029 #98859]  INFO -- : Net::HTTP::Get: /ua/knigi/hudozhestvennaja-literatura.html
I, [2023-12-15T23:11:37.365293 #98859]  INFO -- : Net::HTTP::Get: /ua/knigi/hudozhestvennaja-literatura.html
I, [2023-12-15T23:11:37.477826 #98859]  INFO -- : status: Net::HTTPOK 1.1 200 OK
I, [2023-12-15T23:11:37.479648 #98859]  INFO -- : status: Net::HTTPOK 1.1 200 OK
I, [2023-12-15T23:11:37.492831 #98859]  INFO -- : status: Net::HTTPOK 1.1 200 OK
I, [2023-12-15T23:11:37.616782 #98859]  INFO -- : form encoding: utf-8
I, [2023-12-15T23:11:37.617916 #98859]  INFO -- : Net::HTTP::Get: /ua/knigi/hudozhestvennaja-literatura.html?email=&login=&password=
I, [2023-12-15T23:11:37.678002 #98859]  INFO -- : form encoding: utf-8
I, [2023-12-15T23:11:37.678485 #98859]  INFO -- : status: Net::HTTPOK 1.1 200 OK
I, [2023-12-15T23:11:37.678786 #98859]  INFO -- : Net::HTTP::Get: /ua/knigi/hudozhestvennaja-literatura.html?email=&login=&password=
I, [2023-12-15T23:11:37.735923 #98859]  INFO -- : form encoding: utf-8
I, [2023-12-15T23:11:37.736551 #98859]  INFO -- : status: Net::HTTPOK 1.1 200 OK
I, [2023-12-15T23:11:37.736887 #98859]  INFO -- : Net::HTTP::Get: /ua/knigi/hudozhestvennaja-literatura.html?email=&login=&password=
I, [2023-12-15T23:11:37.779631 #98859]  INFO -- : status: Net::HTTPOK 1.1 200 OK
I, [2023-12-15T23:12:01.269060 #98982]  INFO -- : Net::HTTP::Get: /ua/knigi/hudozhestvennaja-literatura.html
I, [2023-12-15T23:12:01.270463 #98982]  INFO -- : Net::HTTP::Get: /ua/knigi/hudozhestvennaja-literatura.html
I, [2023-12-15T23:12:01.270686 #98982]  INFO -- : Net::HTTP::Get: /ua/knigi/hudozhestvennaja-literatura.html
I, [2023-12-15T23:12:01.378167 #98982]  INFO -- : status: Net::HTTPOK 1.1 200 OK
I, [2023-12-15T23:12:01.379424 #98982]  INFO -- : status: Net::HTTPOK 1.1 200 OK
I, [2023-12-15T23:12:01.382087 #98982]  INFO -- : status: Net::HTTPOK 1.1 200 OK
I, [2023-12-15T23:12:01.523715 #98982]  INFO -- : form encoding: utf-8
I, [2023-12-15T23:12:01.524243 #98982]  INFO -- : Net::HTTP::Get: /ua/knigi/hudozhestvennaja-literatura.html?email=&login=&password=
I, [2023-12-15T23:12:01.578598 #98982]  INFO -- : form encoding: utf-8
I, [2023-12-15T23:12:01.578944 #98982]  INFO -- : status: Net::HTTPOK 1.1 200 OK
I, [2023-12-15T23:12:01.579270 #98982]  INFO -- : Net::HTTP::Get: /ua/knigi/hudozhestvennaja-literatura.html?email=&login=&password=
I, [2023-12-15T23:12:01.634107 #98982]  INFO -- : form encoding: utf-8
I, [2023-12-15T23:12:01.634666 #98982]  INFO -- : status: Net::HTTPOK 1.1 200 OK
I, [2023-12-15T23:12:01.634967 #98982]  INFO -- : Net::HTTP::Get: /ua/knigi/hudozhestvennaja-literatura.html?email=&login=&password=
I, [2023-12-15T23:12:01.676674 #98982]  INFO -- : status: Net::HTTPOK 1.1 200 OK
I, [2023-12-15T23:12:26.466699 #99109]  INFO -- : Net::HTTP::Get: /ua/knigi/hudozhestvennaja-literatura.html
I, [2023-12-15T23:12:26.466934 #99109]  INFO -- : Net::HTTP::Get: /ua/knigi/hudozhestvennaja-literatura.html
I, [2023-12-15T23:12:26.467658 #99109]  INFO -- : Net::HTTP::Get: /ua/knigi/hudozhestvennaja-literatura.html
I, [2023-12-15T23:12:26.577751 #99109]  INFO -- : status: Net::HTTPOK 1.1 200 OK
I, [2023-12-15T23:12:26.580166 #99109]  INFO -- : status: Net::HTTPOK 1.1 200 OK
I, [2023-12-15T23:12:26.585334 #99109]  INFO -- : status: Net::HTTPOK 1.1 200 OK
I, [2023-12-15T23:12:26.734396 #99109]  INFO -- : form encoding: utf-8
I, [2023-12-15T23:12:26.734922 #99109]  INFO -- : Net::HTTP::Get: /ua/knigi/hudozhestvennaja-literatura.html?email=&login=&password=
I, [2023-12-15T23:12:26.786949 #99109]  INFO -- : form encoding: utf-8
I, [2023-12-15T23:12:26.787304 #99109]  INFO -- : Net::HTTP::Get: /ua/knigi/hudozhestvennaja-literatura.html?email=&login=&password=
I, [2023-12-15T23:12:26.840420 #99109]  INFO -- : form encoding: utf-8
I, [2023-12-15T23:12:26.840787 #99109]  INFO -- : status: Net::HTTPOK 1.1 200 OK
I, [2023-12-15T23:12:26.841170 #99109]  INFO -- : status: Net::HTTPOK 1.1 200 OK
I, [2023-12-15T23:12:26.841637 #99109]  INFO -- : Net::HTTP::Get: /ua/knigi/hudozhestvennaja-literatura.html?email=&login=&password=
I, [2023-12-15T23:12:26.921999 #99109]  INFO -- : status: Net::HTTPOK 1.1 200 OK
I, [2023-12-15T23:13:37.264131 #99394]  INFO -- : Net::HTTP::Get: /ua/knigi/hudozhestvennaja-literatura.html
I, [2023-12-15T23:13:37.264297 #99394]  INFO -- : Net::HTTP::Get: /ua/knigi/hudozhestvennaja-literatura.html
I, [2023-12-15T23:13:37.265628 #99394]  INFO -- : Net::HTTP::Get: /ua/knigi/hudozhestvennaja-literatura.html
I, [2023-12-15T23:13:37.403872 #99394]  INFO -- : status: Net::HTTPOK 1.1 200 OK
I, [2023-12-15T23:13:37.405022 #99394]  INFO -- : status: Net::HTTPOK 1.1 200 OK
I, [2023-12-15T23:13:37.406200 #99394]  INFO -- : status: Net::HTTPOK 1.1 200 OK
I, [2023-12-15T23:13:37.557506 #99394]  INFO -- : form encoding: utf-8
I, [2023-12-15T23:13:37.608201 #99394]  INFO -- : form encoding: utf-8
I, [2023-12-15T23:13:37.608673 #99394]  INFO -- : Net::HTTP::Get: /ua/knigi/hudozhestvennaja-literatura.html?email=&login=&password=
I, [2023-12-15T23:13:37.609069 #99394]  INFO -- : Net::HTTP::Get: /ua/knigi/hudozhestvennaja-literatura.html?email=&login=&password=
I, [2023-12-15T23:13:37.662634 #99394]  INFO -- : form encoding: utf-8
I, [2023-12-15T23:13:37.662995 #99394]  INFO -- : status: Net::HTTPOK 1.1 200 OK
I, [2023-12-15T23:13:37.663494 #99394]  INFO -- : status: Net::HTTPOK 1.1 200 OK
I, [2023-12-15T23:13:37.663756 #99394]  INFO -- : Net::HTTP::Get: /ua/knigi/hudozhestvennaja-literatura.html?email=&login=&password=
I, [2023-12-15T23:13:37.724533 #99394]  INFO -- : status: Net::HTTPOK 1.1 200 OK
I, [2023-12-15T23:14:59.950113 #99726]  INFO -- : Net::HTTP::Get: /ua/knigi/hudozhestvennaja-literatura.html
I, [2023-12-15T23:14:59.951433 #99726]  INFO -- : Net::HTTP::Get: /ua/knigi/hudozhestvennaja-literatura.html
I, [2023-12-15T23:14:59.952196 #99726]  INFO -- : Net::HTTP::Get: /ua/knigi/hudozhestvennaja-literatura.html
I, [2023-12-15T23:15:00.063297 #99726]  INFO -- : status: Net::HTTPOK 1.1 200 OK
I, [2023-12-15T23:15:00.070660 #99726]  INFO -- : status: Net::HTTPOK 1.1 200 OK
I, [2023-12-15T23:15:00.074245 #99726]  INFO -- : status: Net::HTTPOK 1.1 200 OK
I, [2023-12-15T23:15:00.201667 #99726]  INFO -- : form encoding: utf-8
I, [2023-12-15T23:15:00.202189 #99726]  INFO -- : Net::HTTP::Get: /ua/knigi/hudozhestvennaja-literatura.html?email=&login=&password=
I, [2023-12-15T23:15:00.264377 #99726]  INFO -- : form encoding: utf-8
I, [2023-12-15T23:15:00.264746 #99726]  INFO -- : status: Net::HTTPOK 1.1 200 OK
I, [2023-12-15T23:15:00.265066 #99726]  INFO -- : Net::HTTP::Get: /ua/knigi/hudozhestvennaja-literatura.html?email=&login=&password=
I, [2023-12-15T23:15:00.318837 #99726]  INFO -- : form encoding: utf-8
I, [2023-12-15T23:15:00.319317 #99726]  INFO -- : status: Net::HTTPOK 1.1 200 OK
I, [2023-12-15T23:15:00.319780 #99726]  INFO -- : Net::HTTP::Get: /ua/knigi/hudozhestvennaja-literatura.html?email=&login=&password=
I, [2023-12-15T23:15:00.361636 #99726]  INFO -- : status: Net::HTTPOK 1.1 200 OK
I, [2023-12-15T23:15:35.194608 #99889]  INFO -- : Net::HTTP::Get: /ua/knigi/hudozhestvennaja-literatura.html
I, [2023-12-15T23:15:35.195135 #99889]  INFO -- : Net::HTTP::Get: /ua/knigi/hudozhestvennaja-literatura.html
I, [2023-12-15T23:15:35.195914 #99889]  INFO -- : Net::HTTP::Get: /ua/knigi/hudozhestvennaja-literatura.html
I, [2023-12-15T23:15:35.299506 #99889]  INFO -- : status: Net::HTTPOK 1.1 200 OK
I, [2023-12-15T23:15:35.307095 #99889]  INFO -- : status: Net::HTTPOK 1.1 200 OK
I, [2023-12-15T23:15:35.317878 #99889]  INFO -- : status: Net::HTTPOK 1.1 200 OK
I, [2023-12-15T23:15:35.432154 #99889]  INFO -- : form encoding: utf-8
I, [2023-12-15T23:15:35.432728 #99889]  INFO -- : Net::HTTP::Get: /ua/knigi/hudozhestvennaja-literatura.html?email=&login=&password=
I, [2023-12-15T23:15:35.499894 #99889]  INFO -- : form encoding: utf-8
I, [2023-12-15T23:15:35.552240 #99889]  INFO -- : status: Net::HTTPOK 1.1 200 OK
I, [2023-12-15T23:15:35.552599 #99889]  INFO -- : Net::HTTP::Get: /ua/knigi/hudozhestvennaja-literatura.html?email=&login=&password=
I, [2023-12-15T23:15:35.553786 #99889]  INFO -- : form encoding: utf-8
I, [2023-12-15T23:15:35.553977 #99889]  INFO -- : Net::HTTP::Get: /ua/knigi/hudozhestvennaja-literatura.html?email=&login=&password=
I, [2023-12-15T23:15:35.597664 #99889]  INFO -- : status: Net::HTTPOK 1.1 200 OK
I, [2023-12-15T23:15:35.599701 #99889]  INFO -- : status: Net::HTTPOK 1.1 200 OK
I, [2023-12-15T23:16:13.272511 #100075]  INFO -- : Net::HTTP::Get: /ua/knigi/hudozhestvennaja-literatura.html
I, [2023-12-15T23:16:13.273822 #100075]  INFO -- : Net::HTTP::Get: /ua/knigi/hudozhestvennaja-literatura.html
I, [2023-12-15T23:16:13.274038 #100075]  INFO -- : Net::HTTP::Get: /ua/knigi/hudozhestvennaja-literatura.html
I, [2023-12-15T23:16:13.386404 #100075]  INFO -- : status: Net::HTTPOK 1.1 200 OK
I, [2023-12-15T23:16:13.396073 #100075]  INFO -- : status: Net::HTTPOK 1.1 200 OK
I, [2023-12-15T23:16:13.411661 #100075]  INFO -- : status: Net::HTTPOK 1.1 200 OK
I, [2023-12-15T23:16:13.530321 #100075]  INFO -- : form encoding: utf-8
I, [2023-12-15T23:16:13.530851 #100075]  INFO -- : Net::HTTP::Get: /ua/knigi/hudozhestvennaja-literatura.html?email=&login=&password=
I, [2023-12-15T23:16:13.590387 #100075]  INFO -- : form encoding: utf-8
I, [2023-12-15T23:16:13.590745 #100075]  INFO -- : status: Net::HTTPOK 1.1 200 OK
I, [2023-12-15T23:16:13.591053 #100075]  INFO -- : Net::HTTP::Get: /ua/knigi/hudozhestvennaja-literatura.html?email=&login=&password=
I, [2023-12-15T23:16:13.648031 #100075]  INFO -- : form encoding: utf-8
I, [2023-12-15T23:16:13.648789 #100075]  INFO -- : status: Net::HTTPOK 1.1 200 OK
I, [2023-12-15T23:16:13.649276 #100075]  INFO -- : Net::HTTP::Get: /ua/knigi/hudozhestvennaja-literatura.html?email=&login=&password=
I, [2023-12-15T23:16:13.729719 #100075]  INFO -- : status: Net::HTTPOK 1.1 200 OK
I, [2023-12-15T23:16:32.575130 #100194]  INFO -- : Net::HTTP::Get: /ua/knigi/hudozhestvennaja-literatura.html
I, [2023-12-15T23:16:32.576357 #100194]  INFO -- : Net::HTTP::Get: /ua/knigi/hudozhestvennaja-literatura.html
I, [2023-12-15T23:16:32.576563 #100194]  INFO -- : Net::HTTP::Get: /ua/knigi/hudozhestvennaja-literatura.html
I, [2023-12-15T23:16:32.686044 #100194]  INFO -- : status: Net::HTTPOK 1.1 200 OK
I, [2023-12-15T23:16:32.687753 #100194]  INFO -- : status: Net::HTTPOK 1.1 200 OK
I, [2023-12-15T23:16:32.693506 #100194]  INFO -- : status: Net::HTTPOK 1.1 200 OK
I, [2023-12-15T23:16:32.834081 #100194]  INFO -- : form encoding: utf-8
I, [2023-12-15T23:16:32.834602 #100194]  INFO -- : Net::HTTP::Get: /ua/knigi/hudozhestvennaja-literatura.html?email=&login=&password=
I, [2023-12-15T23:16:32.888010 #100194]  INFO -- : form encoding: utf-8
I, [2023-12-15T23:16:32.888407 #100194]  INFO -- : status: Net::HTTPOK 1.1 200 OK
I, [2023-12-15T23:16:32.888714 #100194]  INFO -- : Net::HTTP::Get: /ua/knigi/hudozhestvennaja-literatura.html?email=&login=&password=
I, [2023-12-15T23:16:32.941699 #100194]  INFO -- : form encoding: utf-8
I, [2023-12-15T23:16:32.942408 #100194]  INFO -- : status: Net::HTTPOK 1.1 200 OK
I, [2023-12-15T23:16:32.942682 #100194]  INFO -- : Net::HTTP::Get: /ua/knigi/hudozhestvennaja-literatura.html?email=&login=&password=
I, [2023-12-15T23:16:32.983486 #100194]  INFO -- : status: Net::HTTPOK 1.1 200 OK
I, [2023-12-15T23:17:27.335622 #100433]  INFO -- : Net::HTTP::Get: /ua/knigi/hudozhestvennaja-literatura.html
I, [2023-12-15T23:17:27.337038 #100433]  INFO -- : Net::HTTP::Get: /ua/knigi/hudozhestvennaja-literatura.html
I, [2023-12-15T23:17:27.337820 #100433]  INFO -- : Net::HTTP::Get: /ua/knigi/hudozhestvennaja-literatura.html
I, [2023-12-15T23:17:27.528442 #100433]  INFO -- : status: Net::HTTPOK 1.1 200 OK
I, [2023-12-15T23:17:27.572326 #100433]  INFO -- : status: Net::HTTPOK 1.1 200 OK
I, [2023-12-15T23:17:27.594875 #100433]  INFO -- : status: Net::HTTPOK 1.1 200 OK
I, [2023-12-15T23:17:27.733224 #100433]  INFO -- : form encoding: utf-8
I, [2023-12-15T23:17:27.734027 #100433]  INFO -- : Net::HTTP::Get: /ua/knigi/hudozhestvennaja-literatura.html?email=&login=&password=
I, [2023-12-15T23:17:27.806179 #100433]  INFO -- : form encoding: utf-8
I, [2023-12-15T23:17:27.857597 #100433]  INFO -- : form encoding: utf-8
I, [2023-12-15T23:17:27.857953 #100433]  INFO -- : status: Net::HTTPOK 1.1 200 OK
I, [2023-12-15T23:17:27.858282 #100433]  INFO -- : Net::HTTP::Get: /ua/knigi/hudozhestvennaja-literatura.html?email=&login=&password=
I, [2023-12-15T23:17:27.858577 #100433]  INFO -- : Net::HTTP::Get: /ua/knigi/hudozhestvennaja-literatura.html?email=&login=&password=
I, [2023-12-15T23:17:27.901822 #100433]  INFO -- : status: Net::HTTPOK 1.1 200 OK
I, [2023-12-15T23:17:27.902062 #100433]  INFO -- : status: Net::HTTPOK 1.1 200 OK
I, [2023-12-15T23:17:55.291036 #100565]  INFO -- : Net::HTTP::Get: /ua/knigi/hudozhestvennaja-literatura.html
I, [2023-12-15T23:17:55.291227 #100565]  INFO -- : Net::HTTP::Get: /ua/knigi/hudozhestvennaja-literatura.html
I, [2023-12-15T23:17:55.291396 #100565]  INFO -- : Net::HTTP::Get: /ua/knigi/hudozhestvennaja-literatura.html
I, [2023-12-15T23:17:55.403899 #100565]  INFO -- : status: Net::HTTPOK 1.1 200 OK
I, [2023-12-15T23:17:55.410269 #100565]  INFO -- : status: Net::HTTPOK 1.1 200 OK
I, [2023-12-15T23:17:55.429939 #100565]  INFO -- : status: Net::HTTPOK 1.1 200 OK
I, [2023-12-15T23:17:55.538661 #100565]  INFO -- : form encoding: utf-8
I, [2023-12-15T23:17:55.539349 #100565]  INFO -- : Net::HTTP::Get: /ua/knigi/hudozhestvennaja-literatura.html?email=&login=&password=
I, [2023-12-15T23:17:55.601741 #100565]  INFO -- : form encoding: utf-8
I, [2023-12-15T23:17:55.602088 #100565]  INFO -- : status: Net::HTTPOK 1.1 200 OK
I, [2023-12-15T23:17:55.602409 #100565]  INFO -- : Net::HTTP::Get: /ua/knigi/hudozhestvennaja-literatura.html?email=&login=&password=
I, [2023-12-15T23:17:55.655910 #100565]  INFO -- : form encoding: utf-8
I, [2023-12-15T23:17:55.656464 #100565]  INFO -- : status: Net::HTTPOK 1.1 200 OK
I, [2023-12-15T23:17:55.656874 #100565]  INFO -- : Net::HTTP::Get: /ua/knigi/hudozhestvennaja-literatura.html?email=&login=&password=
I, [2023-12-15T23:17:55.699611 #100565]  INFO -- : status: Net::HTTPOK 1.1 200 OK
I, [2023-12-15T23:19:11.850207 #100908]  INFO -- : Net::HTTP::Get: /ua/knigi/hudozhestvennaja-literatura.html
I, [2023-12-15T23:19:11.850408 #100908]  INFO -- : Net::HTTP::Get: /ua/knigi/hudozhestvennaja-literatura.html
I, [2023-12-15T23:19:11.850573 #100908]  INFO -- : Net::HTTP::Get: /ua/knigi/hudozhestvennaja-literatura.html
I, [2023-12-15T23:19:12.063275 #100908]  INFO -- : status: Net::HTTPOK 1.1 200 OK
I, [2023-12-15T23:19:12.064625 #100908]  INFO -- : status: Net::HTTPOK 1.1 200 OK
I, [2023-12-15T23:19:12.068013 #100908]  INFO -- : status: Net::HTTPOK 1.1 200 OK
I, [2023-12-15T23:19:12.205156 #100908]  INFO -- : form encoding: utf-8
I, [2023-12-15T23:19:12.205480 #100908]  INFO -- : Net::HTTP::Get: /ua/knigi/hudozhestvennaja-literatura.html?email=&login=&password=
I, [2023-12-15T23:19:12.266191 #100908]  INFO -- : form encoding: utf-8
I, [2023-12-15T23:19:12.266559 #100908]  INFO -- : status: Net::HTTPOK 1.1 200 OK
I, [2023-12-15T23:19:12.266912 #100908]  INFO -- : Net::HTTP::Get: /ua/knigi/hudozhestvennaja-literatura.html?email=&login=&password=
I, [2023-12-15T23:19:12.320252 #100908]  INFO -- : form encoding: utf-8
I, [2023-12-15T23:19:12.320806 #100908]  INFO -- : status: Net::HTTPOK 1.1 200 OK
I, [2023-12-15T23:19:12.321150 #100908]  INFO -- : Net::HTTP::Get: /ua/knigi/hudozhestvennaja-literatura.html?email=&login=&password=
I, [2023-12-15T23:19:12.401899 #100908]  INFO -- : status: Net::HTTPOK 1.1 200 OK
I, [2023-12-15T23:19:26.653235 #101019]  INFO -- : Net::HTTP::Get: /ua/knigi/hudozhestvennaja-literatura.html
I, [2023-12-15T23:19:26.653457 #101019]  INFO -- : Net::HTTP::Get: /ua/knigi/hudozhestvennaja-literatura.html
I, [2023-12-15T23:19:26.654878 #101019]  INFO -- : Net::HTTP::Get: /ua/knigi/hudozhestvennaja-literatura.html
I, [2023-12-15T23:19:26.766831 #101019]  INFO -- : status: Net::HTTPOK 1.1 200 OK
I, [2023-12-15T23:19:26.771944 #101019]  INFO -- : status: Net::HTTPOK 1.1 200 OK
I, [2023-12-15T23:19:26.773799 #101019]  INFO -- : status: Net::HTTPOK 1.1 200 OK
I, [2023-12-15T23:19:26.908185 #101019]  INFO -- : form encoding: utf-8
I, [2023-12-15T23:19:26.908580 #101019]  INFO -- : Net::HTTP::Get: /ua/knigi/hudozhestvennaja-literatura.html?email=&login=&password=
I, [2023-12-15T23:19:26.968326 #101019]  INFO -- : form encoding: utf-8
I, [2023-12-15T23:19:27.019911 #101019]  INFO -- : status: Net::HTTPOK 1.1 200 OK
I, [2023-12-15T23:19:27.020354 #101019]  INFO -- : Net::HTTP::Get: /ua/knigi/hudozhestvennaja-literatura.html?email=&login=&password=
I, [2023-12-15T23:19:27.021588 #101019]  INFO -- : form encoding: utf-8
I, [2023-12-15T23:19:27.022182 #101019]  INFO -- : Net::HTTP::Get: /ua/knigi/hudozhestvennaja-literatura.html?email=&login=&password=
I, [2023-12-15T23:19:27.062068 #101019]  INFO -- : status: Net::HTTPOK 1.1 200 OK
I, [2023-12-15T23:19:27.068776 #101019]  INFO -- : status: Net::HTTPOK 1.1 200 OK
I, [2023-12-15T23:20:41.563814 #101405]  INFO -- : Net::HTTP::Get: /ua/knigi/hudozhestvennaja-literatura.html
I, [2023-12-15T23:20:41.564755 #101405]  INFO -- : Net::HTTP::Get: /ua/knigi/hudozhestvennaja-literatura.html
I, [2023-12-15T23:20:41.565732 #101405]  INFO -- : Net::HTTP::Get: /ua/knigi/hudozhestvennaja-literatura.html
I, [2023-12-15T23:20:41.673339 #101405]  INFO -- : status: Net::HTTPOK 1.1 200 OK
I, [2023-12-15T23:20:41.675498 #101405]  INFO -- : status: Net::HTTPOK 1.1 200 OK
I, [2023-12-15T23:20:41.679923 #101405]  INFO -- : status: Net::HTTPOK 1.1 200 OK
I, [2023-12-15T23:20:41.820343 #101405]  INFO -- : form encoding: utf-8
I, [2023-12-15T23:20:41.821028 #101405]  INFO -- : Net::HTTP::Get: /ua/knigi/hudozhestvennaja-literatura.html?email=&login=&password=
I, [2023-12-15T23:20:41.880492 #101405]  INFO -- : form encoding: utf-8
I, [2023-12-15T23:20:41.914005 #101405]  INFO -- : status: Net::HTTPOK 1.1 200 OK
I, [2023-12-15T23:20:41.915226 #101405]  INFO -- : Net::HTTP::Get: /ua/knigi/hudozhestvennaja-literatura.html?email=&login=&password=
I, [2023-12-15T23:20:41.937265 #101405]  INFO -- : form encoding: utf-8
I, [2023-12-15T23:20:41.937576 #101405]  INFO -- : Net::HTTP::Get: /ua/knigi/hudozhestvennaja-literatura.html?email=&login=&password=
I, [2023-12-15T23:20:41.993655 #101405]  INFO -- : status: Net::HTTPOK 1.1 200 OK
I, [2023-12-15T23:20:41.994165 #101405]  INFO -- : status: Net::HTTPOK 1.1 200 OK
I, [2023-12-15T23:21:07.532565 #101542]  INFO -- : Net::HTTP::Get: /ua/knigi/hudozhestvennaja-literatura.html
I, [2023-12-15T23:21:07.533370 #101542]  INFO -- : Net::HTTP::Get: /ua/knigi/hudozhestvennaja-literatura.html
I, [2023-12-15T23:21:07.534187 #101542]  INFO -- : Net::HTTP::Get: /ua/knigi/hudozhestvennaja-literatura.html
I, [2023-12-15T23:21:07.648754 #101542]  INFO -- : status: Net::HTTPOK 1.1 200 OK
I, [2023-12-15T23:21:07.656163 #101542]  INFO -- : status: Net::HTTPOK 1.1 200 OK
I, [2023-12-15T23:21:07.662490 #101542]  INFO -- : status: Net::HTTPOK 1.1 200 OK
I, [2023-12-15T23:21:07.782729 #101542]  INFO -- : form encoding: utf-8
I, [2023-12-15T23:21:07.783625 #101542]  INFO -- : Net::HTTP::Get: /ua/knigi/hudozhestvennaja-literatura.html?email=&login=&password=
I, [2023-12-15T23:21:07.847863 #101542]  INFO -- : form encoding: utf-8
I, [2023-12-15T23:21:07.848390 #101542]  INFO -- : status: Net::HTTPOK 1.1 200 OK
I, [2023-12-15T23:21:07.848833 #101542]  INFO -- : Net::HTTP::Get: /ua/knigi/hudozhestvennaja-literatura.html?email=&login=&password=
I, [2023-12-15T23:21:07.903621 #101542]  INFO -- : form encoding: utf-8
I, [2023-12-15T23:21:07.904374 #101542]  INFO -- : status: Net::HTTPOK 1.1 200 OK
I, [2023-12-15T23:21:07.904692 #101542]  INFO -- : Net::HTTP::Get: /ua/knigi/hudozhestvennaja-literatura.html?email=&login=&password=
I, [2023-12-15T23:21:07.946409 #101542]  INFO -- : status: Net::HTTPOK 1.1 200 OK
I, [2023-12-15T23:21:48.961570 #101743]  INFO -- : Net::HTTP::Get: /ua/knigi/hudozhestvennaja-literatura.html
I, [2023-12-15T23:21:48.961744 #101743]  INFO -- : Net::HTTP::Get: /ua/knigi/hudozhestvennaja-literatura.html
I, [2023-12-15T23:21:48.962128 #101743]  INFO -- : Net::HTTP::Get: /ua/knigi/hudozhestvennaja-literatura.html
I, [2023-12-15T23:21:49.080835 #101743]  INFO -- : status: Net::HTTPOK 1.1 200 OK
I, [2023-12-15T23:21:49.081273 #101743]  INFO -- : status: Net::HTTPOK 1.1 200 OK
I, [2023-12-15T23:21:49.085884 #101743]  INFO -- : status: Net::HTTPOK 1.1 200 OK
I, [2023-12-15T23:21:49.234272 #101743]  INFO -- : form encoding: utf-8
I, [2023-12-15T23:21:49.234841 #101743]  INFO -- : Net::HTTP::Get: /ua/knigi/hudozhestvennaja-literatura.html?email=&login=&password=
I, [2023-12-15T23:21:49.293433 #101743]  INFO -- : form encoding: utf-8
I, [2023-12-15T23:21:49.293800 #101743]  INFO -- : status: Net::HTTPOK 1.1 200 OK
I, [2023-12-15T23:21:49.294168 #101743]  INFO -- : Net::HTTP::Get: /ua/knigi/hudozhestvennaja-literatura.html?email=&login=&password=
I, [2023-12-15T23:21:49.347691 #101743]  INFO -- : form encoding: utf-8
I, [2023-12-15T23:21:49.348254 #101743]  INFO -- : status: Net::HTTPOK 1.1 200 OK
I, [2023-12-15T23:21:49.348584 #101743]  INFO -- : Net::HTTP::Get: /ua/knigi/hudozhestvennaja-literatura.html?email=&login=&password=
I, [2023-12-15T23:21:49.434775 #101743]  INFO -- : status: Net::HTTPOK 1.1 200 OK
I, [2023-12-15T23:23:17.682307 #102098]  INFO -- : Net::HTTP::Get: /ua/knigi/hudozhestvennaja-literatura.html
I, [2023-12-15T23:23:17.684044 #102098]  INFO -- : Net::HTTP::Get: /ua/knigi/hudozhestvennaja-literatura.html
I, [2023-12-15T23:23:17.684278 #102098]  INFO -- : Net::HTTP::Get: /ua/knigi/hudozhestvennaja-literatura.html
I, [2023-12-15T23:23:17.795475 #102098]  INFO -- : status: Net::HTTPOK 1.1 200 OK
I, [2023-12-15T23:23:17.799208 #102098]  INFO -- : status: Net::HTTPOK 1.1 200 OK
I, [2023-12-15T23:23:17.803619 #102098]  INFO -- : status: Net::HTTPOK 1.1 200 OK
I, [2023-12-15T23:23:17.934947 #102098]  INFO -- : form encoding: utf-8
I, [2023-12-15T23:23:17.935679 #102098]  INFO -- : Net::HTTP::Get: /ua/knigi/hudozhestvennaja-literatura.html?email=&login=&password=
I, [2023-12-15T23:23:17.996954 #102098]  INFO -- : form encoding: utf-8
I, [2023-12-15T23:23:17.997340 #102098]  INFO -- : status: Net::HTTPOK 1.1 200 OK
I, [2023-12-15T23:23:17.997962 #102098]  INFO -- : Net::HTTP::Get: /ua/knigi/hudozhestvennaja-literatura.html?email=&login=&password=
I, [2023-12-15T23:23:18.052130 #102098]  INFO -- : form encoding: utf-8
I, [2023-12-15T23:23:18.052721 #102098]  INFO -- : status: Net::HTTPOK 1.1 200 OK
I, [2023-12-15T23:23:18.053027 #102098]  INFO -- : Net::HTTP::Get: /ua/knigi/hudozhestvennaja-literatura.html?email=&login=&password=
I, [2023-12-15T23:23:18.094574 #102098]  INFO -- : status: Net::HTTPOK 1.1 200 OK
I, [2023-12-15T23:23:35.840251 #102217]  INFO -- : Net::HTTP::Get: /ua/knigi/hudozhestvennaja-literatura.html
I, [2023-12-15T23:23:35.841008 #102217]  INFO -- : Net::HTTP::Get: /ua/knigi/hudozhestvennaja-literatura.html
I, [2023-12-15T23:23:35.841773 #102217]  INFO -- : Net::HTTP::Get: /ua/knigi/hudozhestvennaja-literatura.html
I, [2023-12-15T23:23:35.954837 #102217]  INFO -- : status: Net::HTTPOK 1.1 200 OK
I, [2023-12-15T23:23:35.956492 #102217]  INFO -- : status: Net::HTTPOK 1.1 200 OK
I, [2023-12-15T23:23:35.961006 #102217]  INFO -- : status: Net::HTTPOK 1.1 200 OK
I, [2023-12-15T23:23:36.096431 #102217]  INFO -- : form encoding: utf-8
I, [2023-12-15T23:23:36.097146 #102217]  INFO -- : Net::HTTP::Get: /ua/knigi/hudozhestvennaja-literatura.html?email=&login=&password=
I, [2023-12-15T23:23:36.149947 #102217]  INFO -- : form encoding: utf-8
I, [2023-12-15T23:23:36.150298 #102217]  INFO -- : status: Net::HTTPOK 1.1 200 OK
I, [2023-12-15T23:23:36.150691 #102217]  INFO -- : Net::HTTP::Get: /ua/knigi/hudozhestvennaja-literatura.html?email=&login=&password=
I, [2023-12-15T23:23:36.207748 #102217]  INFO -- : form encoding: utf-8
I, [2023-12-15T23:23:36.208260 #102217]  INFO -- : status: Net::HTTPOK 1.1 200 OK
I, [2023-12-15T23:23:36.208522 #102217]  INFO -- : Net::HTTP::Get: /ua/knigi/hudozhestvennaja-literatura.html?email=&login=&password=
I, [2023-12-15T23:23:36.249230 #102217]  INFO -- : status: Net::HTTPOK 1.1 200 OK
I, [2023-12-15T23:25:57.913817 #102791]  INFO -- : Net::HTTP::Get: /ua/knigi/hudozhestvennaja-literatura.html
I, [2023-12-15T23:25:57.916759 #102791]  INFO -- : Net::HTTP::Get: /ua/knigi/hudozhestvennaja-literatura.html
I, [2023-12-15T23:25:57.916969 #102791]  INFO -- : Net::HTTP::Get: /ua/knigi/hudozhestvennaja-literatura.html
I, [2023-12-15T23:25:58.066624 #102791]  INFO -- : status: Net::HTTPOK 1.1 200 OK
I, [2023-12-15T23:25:58.067033 #102791]  INFO -- : status: Net::HTTPOK 1.1 200 OK
I, [2023-12-15T23:25:58.067534 #102791]  INFO -- : status: Net::HTTPOK 1.1 200 OK
I, [2023-12-15T23:25:58.211247 #102791]  INFO -- : form encoding: utf-8
I, [2023-12-15T23:25:58.211666 #102791]  INFO -- : Net::HTTP::Get: /ua/knigi/hudozhestvennaja-literatura.html?email=&login=&password=
I, [2023-12-15T23:25:58.268337 #102791]  INFO -- : form encoding: utf-8
I, [2023-12-15T23:25:58.268685 #102791]  INFO -- : status: Net::HTTPOK 1.1 200 OK
I, [2023-12-15T23:25:58.268936 #102791]  INFO -- : Net::HTTP::Get: /ua/knigi/hudozhestvennaja-literatura.html?email=&login=&password=
I, [2023-12-15T23:25:58.322244 #102791]  INFO -- : form encoding: utf-8
I, [2023-12-15T23:25:58.322883 #102791]  INFO -- : status: Net::HTTPOK 1.1 200 OK
I, [2023-12-15T23:25:58.323200 #102791]  INFO -- : Net::HTTP::Get: /ua/knigi/hudozhestvennaja-literatura.html?email=&login=&password=
I, [2023-12-15T23:25:58.364002 #102791]  INFO -- : status: Net::HTTPOK 1.1 200 OK
I, [2023-12-15T23:26:45.038768 #103001]  INFO -- : Net::HTTP::Get: /ua/knigi/hudozhestvennaja-literatura.html
I, [2023-12-15T23:26:45.039725 #103001]  INFO -- : Net::HTTP::Get: /ua/knigi/hudozhestvennaja-literatura.html
I, [2023-12-15T23:26:45.040914 #103001]  INFO -- : Net::HTTP::Get: /ua/knigi/hudozhestvennaja-literatura.html
I, [2023-12-15T23:26:45.151515 #103001]  INFO -- : status: Net::HTTPOK 1.1 200 OK
I, [2023-12-15T23:26:45.152116 #103001]  INFO -- : status: Net::HTTPOK 1.1 200 OK
I, [2023-12-15T23:26:45.153090 #103001]  INFO -- : status: Net::HTTPOK 1.1 200 OK
I, [2023-12-15T23:26:45.293349 #103001]  INFO -- : form encoding: utf-8
I, [2023-12-15T23:26:45.293992 #103001]  INFO -- : Net::HTTP::Get: /ua/knigi/hudozhestvennaja-literatura.html?email=&login=&password=
I, [2023-12-15T23:26:45.354887 #103001]  INFO -- : form encoding: utf-8
I, [2023-12-15T23:26:45.406127 #103001]  INFO -- : form encoding: utf-8
I, [2023-12-15T23:26:45.406458 #103001]  INFO -- : Net::HTTP::Get: /ua/knigi/hudozhestvennaja-literatura.html?email=&login=&password=
I, [2023-12-15T23:26:45.406941 #103001]  INFO -- : status: Net::HTTPOK 1.1 200 OK
I, [2023-12-15T23:26:45.407178 #103001]  INFO -- : Net::HTTP::Get: /ua/knigi/hudozhestvennaja-literatura.html?email=&login=&password=
I, [2023-12-15T23:26:45.447473 #103001]  INFO -- : status: Net::HTTPOK 1.1 200 OK
I, [2023-12-15T23:26:45.448103 #103001]  INFO -- : status: Net::HTTPOK 1.1 200 OK
I, [2023-12-15T23:27:03.061767 #103123]  INFO -- : Net::HTTP::Get: /ua/knigi/hudozhestvennaja-literatura.html
I, [2023-12-15T23:27:03.062677 #103123]  INFO -- : Net::HTTP::Get: /ua/knigi/hudozhestvennaja-literatura.html
I, [2023-12-15T23:27:03.062894 #103123]  INFO -- : Net::HTTP::Get: /ua/knigi/hudozhestvennaja-literatura.html
I, [2023-12-15T23:27:03.173290 #103123]  INFO -- : status: Net::HTTPOK 1.1 200 OK
I, [2023-12-15T23:27:03.176750 #103123]  INFO -- : status: Net::HTTPOK 1.1 200 OK
I, [2023-12-15T23:27:03.199227 #103123]  INFO -- : status: Net::HTTPOK 1.1 200 OK
I, [2023-12-15T23:27:03.309942 #103123]  INFO -- : form encoding: utf-8
I, [2023-12-15T23:27:03.310505 #103123]  INFO -- : Net::HTTP::Get: /ua/knigi/hudozhestvennaja-literatura.html?email=&login=&password=
I, [2023-12-15T23:27:03.371946 #103123]  INFO -- : form encoding: utf-8
I, [2023-12-15T23:27:03.372275 #103123]  INFO -- : status: Net::HTTPOK 1.1 200 OK
I, [2023-12-15T23:27:03.372582 #103123]  INFO -- : Net::HTTP::Get: /ua/knigi/hudozhestvennaja-literatura.html?email=&login=&password=
I, [2023-12-15T23:27:03.427288 #103123]  INFO -- : form encoding: utf-8
I, [2023-12-15T23:27:03.427930 #103123]  INFO -- : status: Net::HTTPOK 1.1 200 OK
I, [2023-12-15T23:27:03.428334 #103123]  INFO -- : Net::HTTP::Get: /ua/knigi/hudozhestvennaja-literatura.html?email=&login=&password=
I, [2023-12-15T23:27:03.470500 #103123]  INFO -- : status: Net::HTTPOK 1.1 200 OK
I, [2023-12-15T23:27:47.719646 #103329]  INFO -- : Net::HTTP::Get: /ua/knigi/hudozhestvennaja-literatura.html
I, [2023-12-15T23:27:47.720591 #103329]  INFO -- : Net::HTTP::Get: /ua/knigi/hudozhestvennaja-literatura.html
I, [2023-12-15T23:27:47.721322 #103329]  INFO -- : Net::HTTP::Get: /ua/knigi/hudozhestvennaja-literatura.html
I, [2023-12-15T23:27:47.833353 #103329]  INFO -- : status: Net::HTTPOK 1.1 200 OK
I, [2023-12-15T23:27:47.834356 #103329]  INFO -- : status: Net::HTTPOK 1.1 200 OK
I, [2023-12-15T23:27:47.838260 #103329]  INFO -- : status: Net::HTTPOK 1.1 200 OK
I, [2023-12-15T23:27:47.989959 #103329]  INFO -- : form encoding: utf-8
I, [2023-12-15T23:27:47.990534 #103329]  INFO -- : Net::HTTP::Get: /ua/knigi/hudozhestvennaja-literatura.html?email=&login=&password=
I, [2023-12-15T23:27:48.043678 #103329]  INFO -- : form encoding: utf-8
I, [2023-12-15T23:27:48.044565 #103329]  INFO -- : status: Net::HTTPOK 1.1 200 OK
I, [2023-12-15T23:27:48.045089 #103329]  INFO -- : Net::HTTP::Get: /ua/knigi/hudozhestvennaja-literatura.html?email=&login=&password=
I, [2023-12-15T23:27:48.100312 #103329]  INFO -- : form encoding: utf-8
I, [2023-12-15T23:27:48.100920 #103329]  INFO -- : Net::HTTP::Get: /ua/knigi/hudozhestvennaja-literatura.html?email=&login=&password=
I, [2023-12-15T23:27:48.143789 #103329]  INFO -- : status: Net::HTTPOK 1.1 200 OK
I, [2023-12-15T23:27:48.144048 #103329]  INFO -- : status: Net::HTTPOK 1.1 200 OK
I, [2023-12-15T23:32:37.704251 #104360]  INFO -- : Net::HTTP::Get: /ua/knigi/hudozhestvennaja-literatura.html
I, [2023-12-15T23:32:37.705733 #104360]  INFO -- : Net::HTTP::Get: /ua/knigi/hudozhestvennaja-literatura.html
I, [2023-12-15T23:32:37.705945 #104360]  INFO -- : Net::HTTP::Get: /ua/knigi/hudozhestvennaja-literatura.html
I, [2023-12-15T23:32:37.852303 #104360]  INFO -- : status: Net::HTTPOK 1.1 200 OK
I, [2023-12-15T23:32:37.855774 #104360]  INFO -- : status: Net::HTTPOK 1.1 200 OK
I, [2023-12-15T23:32:37.862384 #104360]  INFO -- : status: Net::HTTPOK 1.1 200 OK
I, [2023-12-15T23:32:38.001423 #104360]  INFO -- : form encoding: utf-8
I, [2023-12-15T23:32:38.002102 #104360]  INFO -- : Net::HTTP::Get: /ua/knigi/hudozhestvennaja-literatura.html?email=&login=&password=
I, [2023-12-15T23:32:38.067296 #104360]  INFO -- : form encoding: utf-8
I, [2023-12-15T23:32:38.118070 #104360]  INFO -- : form encoding: utf-8
I, [2023-12-15T23:32:38.118411 #104360]  INFO -- : status: Net::HTTPOK 1.1 200 OK
I, [2023-12-15T23:32:38.118987 #104360]  INFO -- : Net::HTTP::Get: /ua/knigi/hudozhestvennaja-literatura.html?email=&login=&password=
I, [2023-12-15T23:32:38.119252 #104360]  INFO -- : Net::HTTP::Get: /ua/knigi/hudozhestvennaja-literatura.html?email=&login=&password=
I, [2023-12-15T23:32:38.159553 #104360]  INFO -- : status: Net::HTTPOK 1.1 200 OK
I, [2023-12-15T23:32:38.160633 #104360]  INFO -- : status: Net::HTTPOK 1.1 200 OK
I, [2023-12-15T23:43:55.836583 #107073]  INFO -- : Net::HTTP::Get: /ua/knigi/hudozhestvennaja-literatura.html
I, [2023-12-15T23:43:55.837116 #107073]  INFO -- : Net::HTTP::Get: /ua/knigi/hudozhestvennaja-literatura.html
I, [2023-12-15T23:43:55.837590 #107073]  INFO -- : Net::HTTP::Get: /ua/knigi/hudozhestvennaja-literatura.html
I, [2023-12-15T23:43:55.951812 #107073]  INFO -- : status: Net::HTTPOK 1.1 200 OK
I, [2023-12-15T23:43:55.952398 #107073]  INFO -- : status: Net::HTTPOK 1.1 200 OK
I, [2023-12-15T23:43:55.952996 #107073]  INFO -- : status: Net::HTTPOK 1.1 200 OK
I, [2023-12-15T23:43:56.096008 #107073]  INFO -- : form encoding: utf-8
I, [2023-12-15T23:43:56.096676 #107073]  INFO -- : Net::HTTP::Get: /ua/knigi/hudozhestvennaja-literatura.html?email=&login=&password=
I, [2023-12-15T23:43:56.153304 #107073]  INFO -- : form encoding: utf-8
I, [2023-12-15T23:43:56.187647 #107073]  INFO -- : Net::HTTP::Get: /ua/knigi/hudozhestvennaja-literatura.html?email=&login=&password=
I, [2023-12-15T23:43:56.207293 #107073]  INFO -- : form encoding: utf-8
I, [2023-12-15T23:43:56.207757 #107073]  INFO -- : Net::HTTP::Get: /ua/knigi/hudozhestvennaja-literatura.html?email=&login=&password=
I, [2023-12-15T23:43:56.208124 #107073]  INFO -- : status: Net::HTTPOK 1.1 200 OK
I, [2023-12-15T23:43:56.281626 #107073]  INFO -- : status: Net::HTTPOK 1.1 200 OK
I, [2023-12-15T23:43:56.282196 #107073]  INFO -- : status: Net::HTTPOK 1.1 200 OK
I, [2023-12-15T23:44:11.950269 #107188]  INFO -- : Net::HTTP::Get: /ua/knigi/hudozhestvennaja-literatura.html
I, [2023-12-15T23:44:11.950715 #107188]  INFO -- : Net::HTTP::Get: /ua/knigi/hudozhestvennaja-literatura.html
I, [2023-12-15T23:44:11.951591 #107188]  INFO -- : Net::HTTP::Get: /ua/knigi/hudozhestvennaja-literatura.html
I, [2023-12-15T23:44:12.064039 #107188]  INFO -- : status: Net::HTTPOK 1.1 200 OK
I, [2023-12-15T23:44:12.067783 #107188]  INFO -- : status: Net::HTTPOK 1.1 200 OK
I, [2023-12-15T23:44:12.076355 #107188]  INFO -- : status: Net::HTTPOK 1.1 200 OK
I, [2023-12-15T23:44:12.205025 #107188]  INFO -- : form encoding: utf-8
I, [2023-12-15T23:44:12.205620 #107188]  INFO -- : Net::HTTP::Get: /ua/knigi/hudozhestvennaja-literatura.html?email=&login=&password=
I, [2023-12-15T23:44:12.265699 #107188]  INFO -- : form encoding: utf-8
I, [2023-12-15T23:44:12.266067 #107188]  INFO -- : status: Net::HTTPOK 1.1 200 OK
I, [2023-12-15T23:44:12.266430 #107188]  INFO -- : Net::HTTP::Get: /ua/knigi/hudozhestvennaja-literatura.html?email=&login=&password=
I, [2023-12-15T23:44:12.322818 #107188]  INFO -- : form encoding: utf-8
I, [2023-12-15T23:44:12.323709 #107188]  INFO -- : status: Net::HTTPOK 1.1 200 OK
I, [2023-12-15T23:44:12.324136 #107188]  INFO -- : Net::HTTP::Get: /ua/knigi/hudozhestvennaja-literatura.html?email=&login=&password=
I, [2023-12-15T23:44:12.367865 #107188]  INFO -- : status: Net::HTTPOK 1.1 200 OK
